<?xml version="1.0" encoding="UTF-8"?>
<!-- Generated by org.testng.reporters.JUnitXMLReporter -->
<testsuite ignored="8" hostname="LAPTOP-NFKIMDFC" failures="0" tests="5" name="Curriculum Module" time="75.602" errors="0" timestamp="2023-05-29T18:51:49 IST">
  <testcase classname="Adminlogintestcases.Curriculumcreate" name="createcurriculum" time="22.399"/>
  <testcase classname="Adminlogintestcases.Assigncurriculum" name="curriculumassign" time="9.968"/>
  <testcase classname="Adminlogintestcases.Materialupload" name="curriculummaterialupload" time="12.15"/>
  <testcase classname="Adminlogintestcases.Learningpath" name="curriculumlearningpath" time="12.452"/>
  <testcase classname="Adminlogintestcases.Deletecurriculum" name="curriculumdelete" time="8.872"/>
  <testcase classname="login.Adminlogin" name="@AfterTest signoutstarelabs" time="0.0">
    <ignored/>
  </testcase> <!-- @AfterTest signoutstarelabs -->
  <testcase classname="login.Adminlogin" name="@AfterTest signoutstarelabs" time="0.0">
    <ignored/>
  </testcase> <!-- @AfterTest signoutstarelabs -->
  <testcase classname="login.Adminlogin" name="@AfterTest signoutstarelabs" time="0.0">
    <ignored/>
  </testcase> <!-- @AfterTest signoutstarelabs -->
  <testcase classname="login.Adminlogin" name="@AfterTest signoutstarelabs" time="0.0">
    <ignored/>
  </testcase> <!-- @AfterTest signoutstarelabs -->
  <testcase classname="login.Adminlogin" name="@BeforeTest loginstarelabs" time="0.0">
    <ignored/>
  </testcase> <!-- @BeforeTest loginstarelabs -->
  <testcase classname="login.Adminlogin" name="@BeforeTest loginstarelabs" time="0.0">
    <ignored/>
  </testcase> <!-- @BeforeTest loginstarelabs -->
  <testcase classname="login.Adminlogin" name="@BeforeTest loginstarelabs" time="0.0">
    <ignored/>
  </testcase> <!-- @BeforeTest loginstarelabs -->
  <testcase classname="login.Adminlogin" name="@BeforeTest loginstarelabs" time="0.0">
    <ignored/>
  </testcase> <!-- @BeforeTest loginstarelabs -->
</testsuite> <!-- Curriculum Module -->
