<?xml version="1.0" encoding="UTF-8"?>
<!-- Generated by org.testng.reporters.JUnitXMLReporter -->
<testsuite ignored="2" hostname="LAPTOP-NFKIMDFC" failures="0" tests="2" name="Test" time="45.917" errors="0" timestamp="2023-05-08T19:09:57 IST">
  <testcase classname="studentlogintestcases.Scorecardcreate" name="scorecardupload" time="16.828"/>
  <testcase classname="studentlogintestcases.Supportnewticket" name="supportcreateticket" time="17.819"/>
  <testcase classname="login.Studentlogin" name="@AfterTest signoutstarelabs" time="0.0">
    <ignored/>
  </testcase> <!-- @AfterTest signoutstarelabs -->
  <testcase classname="login.Studentlogin" name="@BeforeTest loginstarelabs" time="0.0">
    <ignored/>
  </testcase> <!-- @BeforeTest loginstarelabs -->
</testsuite> <!-- Test -->
