<?xml version="1.0" encoding="UTF-8"?>
<testng-results ignored="0" total="1" passed="1" failed="0" skipped="0">
  <reporter-output>
  </reporter-output>
  <suite started-at="2023-06-06T11:57:46 IST" name="Default suite" finished-at="2023-06-06T11:58:07 IST" duration-ms="21099">
    <groups>
    </groups>
    <test started-at="2023-06-06T11:57:46 IST" name="Default test" finished-at="2023-06-06T11:58:07 IST" duration-ms="21099">
      <class name="Adminlogintestcases.Studentcreate">
        <test-method is-config="true" signature="loginstarelabs()[pri:0, instance:Adminlogintestcases.Studentcreate@49dc7102]" started-at="2023-06-06T11:57:46 IST" name="loginstarelabs" finished-at="2023-06-06T11:57:53 IST" duration-ms="6860" status="PASS">
          <reporter-output>
          </reporter-output>
        </test-method> <!-- loginstarelabs -->
        <test-method signature="createstudent()[pri:0, instance:Adminlogintestcases.Studentcreate@49dc7102]" started-at="2023-06-06T11:57:53 IST" name="createstudent" finished-at="2023-06-06T11:58:01 IST" duration-ms="8952" status="PASS">
          <reporter-output>
          </reporter-output>
        </test-method> <!-- createstudent -->
        <test-method is-config="true" signature="signoutstarelabs()[pri:0, instance:Adminlogintestcases.Studentcreate@49dc7102]" started-at="2023-06-06T11:58:01 IST" name="signoutstarelabs" finished-at="2023-06-06T11:58:07 IST" duration-ms="5252" status="PASS">
          <reporter-output>
          </reporter-output>
        </test-method> <!-- signoutstarelabs -->
      </class> <!-- Adminlogintestcases.Studentcreate -->
    </test> <!-- Default test -->
  </suite> <!-- Default suite -->
</testng-results>
