<?xml version="1.0" encoding="UTF-8"?>
<testng-results ignored="8" total="13" passed="5" failed="0" skipped="0">
  <reporter-output>
  </reporter-output>
  <suite started-at="2023-05-29T18:50:33 IST" name="Suite" finished-at="2023-05-29T18:51:49 IST" duration-ms="75602">
    <groups>
    </groups>
    <test started-at="2023-05-29T18:50:33 IST" name="Curriculum Module" finished-at="2023-05-29T18:51:49 IST" duration-ms="75602">
      <class name="Adminlogintestcases.Curriculumcreate">
        <test-method is-config="true" signature="loginstarelabs()[pri:0, instance:Adminlogintestcases.Curriculumcreate@4278284b]" started-at="2023-05-29T18:50:33 IST" name="loginstarelabs" finished-at="2023-05-29T18:50:38 IST" duration-ms="4488" status="PASS">
          <reporter-output>
          </reporter-output>
        </test-method> <!-- loginstarelabs -->
        <test-method signature="createcurriculum()[pri:0, instance:Adminlogintestcases.Curriculumcreate@4278284b]" started-at="2023-05-29T18:50:38 IST" name="createcurriculum" finished-at="2023-05-29T18:51:00 IST" duration-ms="22399" status="PASS">
          <reporter-output>
          </reporter-output>
        </test-method> <!-- createcurriculum -->
        <test-method is-config="true" signature="signoutstarelabs()[pri:0, instance:Adminlogintestcases.Curriculumcreate@4278284b]" started-at="2023-05-29T18:51:44 IST" name="signoutstarelabs" finished-at="2023-05-29T18:51:49 IST" duration-ms="5226" status="PASS">
          <reporter-output>
          </reporter-output>
        </test-method> <!-- signoutstarelabs -->
      </class> <!-- Adminlogintestcases.Curriculumcreate -->
      <class name="Adminlogintestcases.Learningpath">
        <test-method signature="curriculumlearningpath()[pri:0, instance:Adminlogintestcases.Learningpath@6057aebb]" started-at="2023-05-29T18:51:22 IST" name="curriculumlearningpath" finished-at="2023-05-29T18:51:35 IST" duration-ms="12452" status="PASS">
          <reporter-output>
          </reporter-output>
        </test-method> <!-- curriculumlearningpath -->
      </class> <!-- Adminlogintestcases.Learningpath -->
      <class name="Adminlogintestcases.Assigncurriculum">
        <test-method signature="curriculumassign()[pri:0, instance:Adminlogintestcases.Assigncurriculum@9573584]" started-at="2023-05-29T18:51:00 IST" name="curriculumassign" finished-at="2023-05-29T18:51:10 IST" duration-ms="9968" status="PASS">
          <reporter-output>
          </reporter-output>
        </test-method> <!-- curriculumassign -->
      </class> <!-- Adminlogintestcases.Assigncurriculum -->
      <class name="Adminlogintestcases.Materialupload">
        <test-method signature="curriculummaterialupload()[pri:0, instance:Adminlogintestcases.Materialupload@3370f42]" started-at="2023-05-29T18:51:10 IST" name="curriculummaterialupload" finished-at="2023-05-29T18:51:22 IST" duration-ms="12150" status="PASS">
          <reporter-output>
          </reporter-output>
        </test-method> <!-- curriculummaterialupload -->
      </class> <!-- Adminlogintestcases.Materialupload -->
      <class name="Adminlogintestcases.Deletecurriculum">
        <test-method signature="curriculumdelete()[pri:0, instance:Adminlogintestcases.Deletecurriculum@63eef88a]" started-at="2023-05-29T18:51:35 IST" name="curriculumdelete" finished-at="2023-05-29T18:51:44 IST" duration-ms="8872" status="PASS">
          <reporter-output>
          </reporter-output>
        </test-method> <!-- curriculumdelete -->
      </class> <!-- Adminlogintestcases.Deletecurriculum -->
    </test> <!-- Curriculum Module -->
  </suite> <!-- Suite -->
</testng-results>
